<?xml version="1.0" encoding="UTF-8"?>
<!-- Generated by org.testng.reporters.JUnitReportReporter -->
<testsuite hostname="edureka" failures="0" tests="2" name="com.edureka.testng.UserModuleScripts" time="0.025" errors="0" timestamp="2020-10-13T16:18:29 IST" skipped="0">
  <testcase classname="com.edureka.testng.UserModuleScripts" name="editUser" time="0.004"/>
  <system-out>
User edited successfully  </system-out>
  <testcase classname="com.edureka.testng.UserModuleScripts" name="deleteUser" time="0.021"/>
  <system-out>
User deleted successfully  </system-out>
</testsuite> <!-- com.edureka.testng.UserModuleScripts -->
