<?xml version="1.0" encoding="UTF-8"?>
<!-- Generated by org.testng.reporters.JUnitReportReporter -->
<testsuite hostname="edureka" failures="0" tests="2" name="com.edureka.testng.TaskModuleScripts" time="0.012" errors="0" timestamp="2020-10-13T16:18:29 IST" skipped="0">
  <testcase classname="com.edureka.testng.TaskModuleScripts" name="deleteTask" time="0.007"/>
  <system-out>
Tasks deleted successfully  </system-out>
  <testcase classname="com.edureka.testng.TaskModuleScripts" name="editTask" time="0.005"/>
  <system-out>
Tasks edited successfully  </system-out>
</testsuite> <!-- com.edureka.testng.TaskModuleScripts -->
