<?xml version="1.0" encoding="UTF-8"?>
<!-- Generated by org.testng.reporters.JUnitReportReporter -->
<testsuite hostname="edureka" failures="0" tests="2" name="com.edureka.testng.AnnotationsDemo" time="0.015" errors="0" timestamp="2020-10-13T15:42:50 IST" skipped="0">
  <testcase classname="com.edureka.testng.AnnotationsDemo" name="test1" time="0.007"/>
  <system-out>
Test Block 1  </system-out>
  <testcase classname="com.edureka.testng.AnnotationsDemo" name="test2" time="0.008"/>
  <system-out>
Test Block 2  </system-out>
</testsuite> <!-- com.edureka.testng.AnnotationsDemo -->
