<?xml version="1.0" encoding="UTF-8"?>
<!-- Generated by org.testng.reporters.JUnitReportReporter -->
<testsuite hostname="edureka" failures="0" tests="1" name="com.edureka.testng.FirstTestNgClass" time="0.026" errors="0" timestamp="2020-10-13T13:34:04 IST" skipped="0">
  <testcase classname="com.edureka.testng.FirstTestNgClass" name="display" time="0.026"/>
  <system-out>
First TestNg Class  </system-out>
</testsuite> <!-- com.edureka.testng.FirstTestNgClass -->
